\BOOKMARK [1][-]{section*.1}{Pre-Calculus}{}% 1
\BOOKMARK [2][-]{section*.4}{Trig Tables}{section*.1}% 2
\BOOKMARK [1][-]{section*.5}{Derivatives and Other Fun Things}{}% 3
\BOOKMARK [2][-]{section*.6}{L'Hospital's Rule}{section*.5}% 4
\BOOKMARK [2][-]{section*.7}{The Definite Integral/Riemann Sums}{section*.5}% 5
\BOOKMARK [2][-]{section*.8}{Derivatives and Curves}{section*.5}% 6
\BOOKMARK [2][-]{section*.9}{Antiderivatives}{section*.5}% 7
\BOOKMARK [2][-]{section*.10}{Derivatives}{section*.5}% 8
\BOOKMARK [2][-]{section*.11}{Average Value}{section*.5}% 9
\BOOKMARK [2][-]{section*.12}{Substitution Rule}{section*.5}% 10
\BOOKMARK [2][-]{section*.13}{Approximate Integration}{section*.5}% 11
\BOOKMARK [2][-]{section*.14}{Improper Integrals}{section*.5}% 12
\BOOKMARK [1][-]{section*.15}{Probability}{}% 13
\BOOKMARK [2][-]{section*.16}{PDFs}{section*.15}% 14
\BOOKMARK [2][-]{section*.17}{Normal Distributions}{section*.15}% 15
\BOOKMARK [1][-]{section*.18}{Center of Mass}{}% 16
\BOOKMARK [1][-]{section*.19}{Series}{}% 17
\BOOKMARK [2][-]{section*.20}{Convergence and Divergence}{section*.19}% 18
\BOOKMARK [2][-]{section*.21}{Power Series}{section*.19}% 19
\BOOKMARK [1][-]{section*.22}{Center of Mass}{}% 20
\BOOKMARK [2][-]{section*.23}{Functions as Power Series}{section*.22}% 21
\BOOKMARK [2][-]{section*.24}{Taylor's Theorem}{section*.22}% 22
\BOOKMARK [2][-]{section*.25}{Taylor's Inequality:}{section*.22}% 23
\BOOKMARK [2][-]{section*.26}{Important Maclaurin Series:}{section*.22}% 24
\BOOKMARK [1][-]{section*.27}{Fourier Series}{}% 25
